<?xml version="1.0" encoding="UTF-8"?>
<!-- Generated by org.testng.reporters.JUnitReportReporter -->
<testsuite skipped="0" hostname="DESKTOP-CGQ6NSN" name="testcases.TC_001" tests="1" failures="0" timestamp="22 lug 2020 08:52:23 GMT" time="5.681" errors="0">
  <testcase name="testcase_1" time="5.681" classname="testcases.TC_001"/>
</testsuite> <!-- testcases.TC_001 -->
